<?xml version="1.0" encoding="UTF-8"?>
<!-- Generated by org.testng.reporters.JUnitXMLReporter -->
<testsuite ignored="0" hostname="jaykishore-PC" failures="0" tests="3" name="Default test" time="80.004" errors="0" timestamp="2024-02-06T22:05:30 GMT-05:00">
  <testcase classname="rahulShettyTest.test.submitOrderTest" name="SubmitOrder" time="19.313"/>
  <testcase classname="rahulShettyTest.test.submitOrderTest" name="SubmitOrder" time="18.511"/>
  <testcase classname="rahulShettyTest.test.submitOrderTest" name="OrderHistoryTest" time="11.157"/>
</testsuite> <!-- Default test -->
