<?xml version="1.0" encoding="UTF-8"?>
<!-- Generated by org.testng.reporters.JUnitXMLReporter -->
<testsuite ignored="0" hostname="jaykishore-PC" failures="0" tests="2" name="Error Validation Test" time="27.384" errors="0" timestamp="2023-12-29T01:00:07 GMT-05:00">
  <testcase classname="rahulShettyTest.test.ErrorValidationTest" name="LoginErrorValidation" time="0.793"/>
  <testcase classname="rahulShettyTest.test.ErrorValidationTest" name="ProductErrorValidation" time="9.854"/>
</testsuite> <!-- Error Validation Test -->
