<?xml version="1.0" encoding="UTF-8"?>
<!-- Generated by org.testng.reporters.JUnitXMLReporter -->
<testsuite ignored="0" hostname="jaykishore-PC" failures="0" tests="3" name="subit Order Test" time="113.562" errors="0" timestamp="2023-12-29T00:59:40 GMT-05:00">
  <testcase classname="rahulShettyTest.test.submitOrderTest" name="SubmitOrder" time="28.927"/>
  <testcase classname="rahulShettyTest.test.submitOrderTest" name="SubmitOrder" time="19.155"/>
  <testcase classname="rahulShettyTest.test.submitOrderTest" name="OrderHistoryTest" time="11.232"/>
</testsuite> <!-- subit Order Test -->
