<?xml version="1.0" encoding="UTF-8"?>
<!-- Generated by org.testng.reporters.JUnitXMLReporter -->
<testsuite ignored="0" hostname="jaykishore-PC" failures="1" tests="1" name="subit Order Test" time="24.895" errors="0" timestamp="2023-12-23T02:25:33 GMT-05:00">
  <testcase classname="rahulShettyTest.test.submitOrderTest" name="SubmitOrder" time="13.989">
    <failure type="java.lang.AssertionError" message="expected [true] but found [false]">
      <![CDATA[java.lang.AssertionError: expected [true] but found [false]
at rahulShettyTest.test.submitOrderTest.SubmitOrder(submitOrderTest.java:38)
at java.base/java.util.ArrayList.forEach(ArrayList.java:1540)
... Removed 31 stack frames]]>
    </failure>
  </testcase> <!-- SubmitOrder -->
</testsuite> <!-- subit Order Test -->
