<?xml version="1.0" encoding="UTF-8"?>
<!-- Generated by org.testng.reporters.JUnitXMLReporter -->
<testsuite ignored="0" hostname="jaykishore-PC" failures="1" tests="1" name="submit Order Test" time="14.805" errors="0" timestamp="2023-12-21T09:36:16 GMT-05:00">
  <testcase classname="rahulShettyTest.submitOrderTest" name="SubmitOrder" time="4.315">
    <failure type="java.lang.IllegalArgumentException" message="Driver must be set">
      <![CDATA[java.lang.IllegalArgumentException: Driver must be set
at org.openqa.selenium.internal.Require.nonNull(Require.java:60)
at org.openqa.selenium.interactions.Actions.<init>(Actions.java:58)
at rahulShettyAcademy.pageobjects.CheckoutPage.selectCountry(CheckoutPage.java:36)
at rahulShettyTest.submitOrderTest.SubmitOrder(submitOrderTest.java:35)
at java.base/java.util.ArrayList.forEach(ArrayList.java:1540)
... Removed 27 stack frames]]>
    </failure>
  </testcase> <!-- SubmitOrder -->
</testsuite> <!-- submit Order Test -->
