<?xml version="1.0" encoding="UTF-8"?>
<testng-results ignored="0" total="3" passed="3" failed="0" skipped="0">
  <reporter-output>
  </reporter-output>
  <suite started-at="2024-02-06T22:04:10 GMT-05:00" name="Default suite" finished-at="2024-02-06T22:05:30 GMT-05:00" duration-ms="80004">
    <groups>
      <group name="Purchase">
        <method signature="submitOrderTest.SubmitOrder(java.util.HashMap)[pri:0, instance:rahulShettyTest.test.submitOrderTest@71075444]" name="SubmitOrder" class="rahulShettyTest.test.submitOrderTest"/>
      </group> <!-- Purchase -->
    </groups>
    <test started-at="2024-02-06T22:04:10 GMT-05:00" name="Default test" finished-at="2024-02-06T22:05:30 GMT-05:00" duration-ms="80004">
      <class name="rahulShettyTest.test.submitOrderTest">
        <test-method is-config="true" signature="LaunchApplication()[pri:0, instance:rahulShettyTest.test.submitOrderTest@71075444]" started-at="2024-02-06T22:04:11 GMT-05:00" name="LaunchApplication" finished-at="2024-02-06T22:04:26 GMT-05:00" duration-ms="15161" status="PASS">
          <reporter-output>
          </reporter-output>
        </test-method> <!-- LaunchApplication -->
        <test-method signature="SubmitOrder(java.util.HashMap)[pri:0, instance:rahulShettyTest.test.submitOrderTest@71075444]" started-at="2024-02-06T22:04:26 GMT-05:00" name="SubmitOrder" data-provider="getData" finished-at="2024-02-06T22:04:45 GMT-05:00" duration-ms="19313" status="PASS">
          <params>
            <param index="0">
              <value>
                <![CDATA[{password=Dajgar@123, product=ADIDAS ORIGINAL, email=surabathulagirija@gmail.com}]]>
              </value>
            </param>
          </params>
          <reporter-output>
          </reporter-output>
        </test-method> <!-- SubmitOrder -->
        <test-method is-config="true" signature="tearDown()[pri:0, instance:rahulShettyTest.test.submitOrderTest@71075444]" started-at="2024-02-06T22:04:46 GMT-05:00" name="tearDown" finished-at="2024-02-06T22:04:46 GMT-05:00" duration-ms="276" status="PASS">
          <reporter-output>
          </reporter-output>
        </test-method> <!-- tearDown -->
        <test-method is-config="true" signature="LaunchApplication()[pri:0, instance:rahulShettyTest.test.submitOrderTest@71075444]" started-at="2024-02-06T22:04:46 GMT-05:00" name="LaunchApplication" finished-at="2024-02-06T22:04:53 GMT-05:00" duration-ms="7218" status="PASS">
          <reporter-output>
          </reporter-output>
        </test-method> <!-- LaunchApplication -->
        <test-method signature="SubmitOrder(java.util.HashMap)[pri:0, instance:rahulShettyTest.test.submitOrderTest@71075444]" started-at="2024-02-06T22:04:53 GMT-05:00" name="SubmitOrder" data-provider="getData" finished-at="2024-02-06T22:05:12 GMT-05:00" duration-ms="18511" status="PASS">
          <params>
            <param index="0">
              <value>
                <![CDATA[{password=Rahul@shetty1, product=IPHONE 13 PRO, email=jk@gmail.com}]]>
              </value>
            </param>
          </params>
          <reporter-output>
          </reporter-output>
        </test-method> <!-- SubmitOrder -->
        <test-method is-config="true" signature="tearDown()[pri:0, instance:rahulShettyTest.test.submitOrderTest@71075444]" started-at="2024-02-06T22:05:12 GMT-05:00" name="tearDown" finished-at="2024-02-06T22:05:12 GMT-05:00" duration-ms="255" status="PASS">
          <reporter-output>
          </reporter-output>
        </test-method> <!-- tearDown -->
        <test-method is-config="true" signature="LaunchApplication()[pri:0, instance:rahulShettyTest.test.submitOrderTest@71075444]" started-at="2024-02-06T22:05:12 GMT-05:00" name="LaunchApplication" finished-at="2024-02-06T22:05:19 GMT-05:00" duration-ms="7161" status="PASS">
          <reporter-output>
          </reporter-output>
        </test-method> <!-- LaunchApplication -->
        <test-method signature="OrderHistoryTest()[pri:0, instance:rahulShettyTest.test.submitOrderTest@71075444]" started-at="2024-02-06T22:05:19 GMT-05:00" name="OrderHistoryTest" finished-at="2024-02-06T22:05:30 GMT-05:00" depends-on-methods="rahulShettyTest.test.submitOrderTest.SubmitOrder" duration-ms="11157" status="PASS">
          <reporter-output>
          </reporter-output>
        </test-method> <!-- OrderHistoryTest -->
        <test-method is-config="true" signature="tearDown()[pri:0, instance:rahulShettyTest.test.submitOrderTest@71075444]" started-at="2024-02-06T22:05:30 GMT-05:00" name="tearDown" finished-at="2024-02-06T22:05:30 GMT-05:00" duration-ms="179" status="PASS">
          <reporter-output>
          </reporter-output>
        </test-method> <!-- tearDown -->
      </class> <!-- rahulShettyTest.test.submitOrderTest -->
    </test> <!-- Default test -->
  </suite> <!-- Default suite -->
</testng-results>
